Start testing: Mar 04 00:50 GMT
----------------------------------------------------------
1/2 Testing: SumAddsTwoInts
1/2 Test: SumAddsTwoInts
Command: "/Users/mattwalsh/Documents/Projects/matt-walsh-projects/Unit_Test_Example/build/test/unit_tests" "1"
Directory: /Users/mattwalsh/Documents/Projects/matt-walsh-projects/Unit_Test_Example/build/test
"SumAddsTwoInts" start time: Mar 04 00:50 GMT
Output:
----------------------------------------------------------
<end of output>
Test time =   0.00 sec
----------------------------------------------------------
Test Passed.
"SumAddsTwoInts" end time: Mar 04 00:50 GMT
"SumAddsTwoInts" time elapsed: 00:00:00
----------------------------------------------------------

2/2 Testing: MultiplyMultipliesTwoInts
2/2 Test: MultiplyMultipliesTwoInts
Command: "/Users/mattwalsh/Documents/Projects/matt-walsh-projects/Unit_Test_Example/build/test/unit_tests" "2"
Directory: /Users/mattwalsh/Documents/Projects/matt-walsh-projects/Unit_Test_Example/build/test
"MultiplyMultipliesTwoInts" start time: Mar 04 00:50 GMT
Output:
----------------------------------------------------------
<end of output>
Test time =   0.00 sec
----------------------------------------------------------
Test Passed.
"MultiplyMultipliesTwoInts" end time: Mar 04 00:50 GMT
"MultiplyMultipliesTwoInts" time elapsed: 00:00:00
----------------------------------------------------------

End testing: Mar 04 00:50 GMT
